2020-05-20 14:23:24,242 ERROR 99269 nodejs.AssertionError: schedule(/Users/jack/Desktop/zwwl/meetNode/app/schedule/meet307.js): must have schedule and task properties
    at ScheduleLoader.load (/Users/jack/Desktop/zwwl/meetNode/node_modules/_egg-schedule@3.6.4@egg-schedule/lib/load_schedule.js:29:9)
    at module.exports (/Users/jack/Desktop/zwwl/meetNode/node_modules/_egg-schedule@3.6.4@egg-schedule/lib/load_schedule.js:17:6)
    at Schedule.init (/Users/jack/Desktop/zwwl/meetNode/node_modules/_egg-schedule@3.6.4@egg-schedule/lib/schedule.js:29:27)
    at /Users/jack/Desktop/zwwl/meetNode/node_modules/_egg-schedule@3.6.4@egg-schedule/agent.js:13:20
    at Object.callFn (/Users/jack/Desktop/zwwl/meetNode/node_modules/_egg-core@4.17.4@egg-core/lib/utils/index.js:44:42)
    at /Users/jack/Desktop/zwwl/meetNode/node_modules/_egg-core@4.17.4@egg-core/lib/lifecycle.js:256:13
    at processTicksAndRejections (internal/process/task_queues.js:79:11)
generatedMessage: false
code: "ERR_ASSERTION"
actual: undefined
expected: true
operator: "=="
pid: 99269
hostname: bogon

2020-05-20 14:26:21,283 ERROR 99300 nodejs.AssertionError: schedule(/Users/jack/Desktop/zwwl/meetNode/app/schedule/meet307.js): must have schedule and task properties
    at ScheduleLoader.load (/Users/jack/Desktop/zwwl/meetNode/node_modules/_egg-schedule@3.6.4@egg-schedule/lib/load_schedule.js:29:9)
    at module.exports (/Users/jack/Desktop/zwwl/meetNode/node_modules/_egg-schedule@3.6.4@egg-schedule/lib/load_schedule.js:17:6)
    at Schedule.init (/Users/jack/Desktop/zwwl/meetNode/node_modules/_egg-schedule@3.6.4@egg-schedule/lib/schedule.js:29:27)
    at /Users/jack/Desktop/zwwl/meetNode/node_modules/_egg-schedule@3.6.4@egg-schedule/agent.js:13:20
    at Object.callFn (/Users/jack/Desktop/zwwl/meetNode/node_modules/_egg-core@4.17.4@egg-core/lib/utils/index.js:44:42)
    at /Users/jack/Desktop/zwwl/meetNode/node_modules/_egg-core@4.17.4@egg-core/lib/lifecycle.js:256:13
    at processTicksAndRejections (internal/process/task_queues.js:79:11)
generatedMessage: false
code: "ERR_ASSERTION"
actual: undefined
expected: true
operator: "=="
pid: 99300
hostname: bogon

2020-05-20 14:28:42,592 ERROR 99322 nodejs.AssertionError: schedule(/Users/jack/Desktop/zwwl/meetNode/app/schedule/meet307.js): must have schedule and task properties
    at ScheduleLoader.load (/Users/jack/Desktop/zwwl/meetNode/node_modules/_egg-schedule@3.6.4@egg-schedule/lib/load_schedule.js:29:9)
    at module.exports (/Users/jack/Desktop/zwwl/meetNode/node_modules/_egg-schedule@3.6.4@egg-schedule/lib/load_schedule.js:17:6)
    at Schedule.init (/Users/jack/Desktop/zwwl/meetNode/node_modules/_egg-schedule@3.6.4@egg-schedule/lib/schedule.js:29:27)
    at /Users/jack/Desktop/zwwl/meetNode/node_modules/_egg-schedule@3.6.4@egg-schedule/agent.js:13:20
    at Object.callFn (/Users/jack/Desktop/zwwl/meetNode/node_modules/_egg-core@4.17.4@egg-core/lib/utils/index.js:44:42)
    at /Users/jack/Desktop/zwwl/meetNode/node_modules/_egg-core@4.17.4@egg-core/lib/lifecycle.js:256:13
    at processTicksAndRejections (internal/process/task_queues.js:79:11)
generatedMessage: false
code: "ERR_ASSERTION"
actual: undefined
expected: true
operator: "=="
pid: 99322
hostname: bogon

2020-05-20 14:31:01,521 ERROR 99346 nodejs.AssertionError: schedule(/Users/jack/Desktop/zwwl/meetNode/app/schedule/meet307.js): must have schedule and task properties
    at ScheduleLoader.load (/Users/jack/Desktop/zwwl/meetNode/node_modules/_egg-schedule@3.6.4@egg-schedule/lib/load_schedule.js:29:9)
    at module.exports (/Users/jack/Desktop/zwwl/meetNode/node_modules/_egg-schedule@3.6.4@egg-schedule/lib/load_schedule.js:17:6)
    at Schedule.init (/Users/jack/Desktop/zwwl/meetNode/node_modules/_egg-schedule@3.6.4@egg-schedule/lib/schedule.js:29:27)
    at /Users/jack/Desktop/zwwl/meetNode/node_modules/_egg-schedule@3.6.4@egg-schedule/agent.js:13:20
    at Object.callFn (/Users/jack/Desktop/zwwl/meetNode/node_modules/_egg-core@4.17.4@egg-core/lib/utils/index.js:44:42)
    at /Users/jack/Desktop/zwwl/meetNode/node_modules/_egg-core@4.17.4@egg-core/lib/lifecycle.js:256:13
    at processTicksAndRejections (internal/process/task_queues.js:79:11)
generatedMessage: false
code: "ERR_ASSERTION"
actual: undefined
expected: true
operator: "=="
pid: 99346
hostname: bogon

2020-05-20 14:34:12,544 ERROR 99371 [Job#15899564488933946817512535261] /Users/jack/Desktop/zwwl/meetNode/app/schedule/meet511.js execute error. SyntaxError [JSONResponseFormatError]: Unexpected token < in JSON at position 0 (data json format: "<HTML><HEAD>\n<TITLE>Redirect</TITLE>\n</HEAD>\n<BODY>\n<FONT face=\"Helvetica\">\n<big><strong></strong></big><BR>\n</FONT>\n<blockquote>\n<TABLE border=0 cellPadding=1 width=\"80%\">\n<TR><TD>\n<FONT face=\"Helvetica\">\n<big>Redirect (policy_redirect)</big>\n<BR>\n<BR>\n</FONT>\n</TD></TR>\n<TR><TD>\n<FONT face=\"Helvetica\">\nClick <a href=\"http://www.gelifesciences.com/webapp/wcs/stores/servlet/catalog/en/GELifeSciences-/brands/deltavision/\">here</a> if you are not automatically redirected.\n</FONT>\n</TD></TR>\n<TR><TD>\n<FONT face=\"Helvetica\">\n\n</FONT>\n</TD></TR>\n<TR><TD>\n<FONT face=\"Helvetica\" SIZE=2>\n<BR>\nFor assistance, contact your network support team.\n</FONT>\n</TD></TR>\n</TABLE>\n</blockquote>\n</FONT>\n</BODY></HTML>\n"), GET http://www.api.com/cache 301 (connected: true, keepalive socket: false, agent status: {"createSocketCount":1,"createSocketErrorCount":0,"closeSocketCount":0,"errorSocketCount":0,"timeoutSocketCount":0,"requestCount":0,"freeSockets":{},"sockets":{"www.api.com:80:":1},"requests":{}}, socketHandledRequests: 1, socketHandledResponses: 1)
headers: {"location":"http://www.gelifesciences.com/webapp/wcs/stores/servlet/catalog/en/GELifeSciences-/brands/deltavision/","cache-control":"no-cache","pragma":"no-cache","content-type":"text/html; charset=utf-8","proxy-connection":"close","connection":"close","content-length":"708"}
    at JSON.parse (<anonymous>)
    at parseJSON (/Users/jack/Desktop/zwwl/meetNode/node_modules/_urllib@2.35.0@urllib/lib/urllib.js:1164:24)
    at /Users/jack/Desktop/zwwl/meetNode/node_modules/_urllib@2.35.0@urllib/lib/urllib.js:887:23
    at decodeContent (/Users/jack/Desktop/zwwl/meetNode/node_modules/_urllib@2.35.0@urllib/lib/urllib.js:691:14)
    at handleResponseCloseAndEnd (/Users/jack/Desktop/zwwl/meetNode/node_modules/_urllib@2.35.0@urllib/lib/urllib.js:868:7)
    at IncomingMessage.<anonymous> (/Users/jack/Desktop/zwwl/meetNode/node_modules/_urllib@2.35.0@urllib/lib/urllib.js:912:7)
    at IncomingMessage.emit (events.js:322:22)
    at endReadableNT (_stream_readable.js:1187:12)
    at processTicksAndRejections (internal/process/task_queues.js:84:21) {
  data: '<HTML><HEAD>\n' +
    '<TITLE>Redirect</TITLE>\n' +
    '</HEAD>\n' +
    '<BODY>\n' +
    '<FONT face="Helvetica">\n' +
    '<big><strong></strong></big><BR>\n' +
    '</FONT>\n' +
    '<blockquote>\n' +
    '<TABLE border=0 cellPadding=1 width="80%">\n' +
    '<TR><TD>\n' +
    '<FONT face="Helvetica">\n' +
    '<big>Redirect (policy_redirect)</big>\n' +
    '<BR>\n' +
    '<BR>\n' +
    '</FONT>\n' +
    '</TD></TR>\n' +
    '<TR><TD>\n' +
    '<FONT face="Helvetica">\n' +
    'Click <a href="http://www.gelifesciences.com/webapp/wcs/stores/servlet/catalog/en/GELifeSciences-/brands/deltavision/">here</a> if you are not automatically redirected.\n' +
    '</FONT>\n' +
    '</TD></TR>\n' +
    '<TR><TD>\n' +
    '<FONT face="Helvetica">\n' +
    '\n' +
    '</FONT>\n' +
    '</TD></TR>\n' +
    '<TR><TD>\n' +
    '<FONT face="Helvetica" SIZE=2>\n' +
    '<BR>\n' +
    'For assistance, contact your network support team.\n' +
    '</FONT>\n' +
    '</TD></TR>\n' +
    '</TABLE>\n' +
    '</blockquote>\n' +
    '</FONT>\n' +
    '</BODY></HTML>\n',
  path: '/cache',
  status: 301,
  headers: {
    location: 'http://www.gelifesciences.com/webapp/wcs/stores/servlet/catalog/en/GELifeSciences-/brands/deltavision/',
    'cache-control': 'no-cache',
    pragma: 'no-cache',
    'content-type': 'text/html; charset=utf-8',
    'proxy-connection': 'close',
    connection: 'close',
    'content-length': '708'
  },
  res: {
    status: 301,
    statusCode: 301,
    statusMessage: 'Moved Permanently',
    headers: {
      location: 'http://www.gelifesciences.com/webapp/wcs/stores/servlet/catalog/en/GELifeSciences-/brands/deltavision/',
      'cache-control': 'no-cache',
      pragma: 'no-cache',
      'content-type': 'text/html; charset=utf-8',
      'proxy-connection': 'close',
      connection: 'close',
      'content-length': '708'
    },
    size: 708,
    aborted: false,
    rt: 3640,
    keepAliveSocket: false,
    data: '<HTML><HEAD>\n' +
      '<TITLE>Redirect</TITLE>\n' +
      '</HEAD>\n' +
      '<BODY>\n' +
      '<FONT face="Helvetica">\n' +
      '<big><strong></strong></big><BR>\n' +
      '</FONT>\n' +
      '<blockquote>\n' +
      '<TABLE border=0 cellPadding=1 width="80%">\n' +
      '<TR><TD>\n' +
      '<FONT face="Helvetica">\n' +
      '<big>Redirect (policy_redirect)</big>\n' +
      '<BR>\n' +
      '<BR>\n' +
      '</FONT>\n' +
      '</TD></TR>\n' +
      '<TR><TD>\n' +
      '<FONT face="Helvetica">\n' +
      'Click <a href="http://www.gelifesciences.com/webapp/wcs/stores/servlet/catalog/en/GELifeSciences-/brands/deltavision/">here</a> if you are not automatically redirected.\n' +
      '</FONT>\n' +
      '</TD></TR>\n' +
      '<TR><TD>\n' +
      '<FONT face="Helvetica">\n' +
      '\n' +
      '</FONT>\n' +
      '</TD></TR>\n' +
      '<TR><TD>\n' +
      '<FONT face="Helvetica" SIZE=2>\n' +
      '<BR>\n' +
      'For assistance, contact your network support team.\n' +
      '</FONT>\n' +
      '</TD></TR>\n' +
      '</TABLE>\n' +
      '</blockquote>\n' +
      '</FONT>\n' +
      '</BODY></HTML>\n',
    requestUrls: [ 'http://www.api.com/cache' ],
    timing: null,
    remoteAddress: '198.169.189.8',
    remotePort: 80,
    socketHandledRequests: 1,
    socketHandledResponses: 1
  }
}
2020-05-20 14:34:12,546 ERROR 99371 [Job#15899564488933946817512535261] /Users/jack/Desktop/zwwl/meetNode/app/schedule/meet511.js execute failed, used 3650ms
2020-05-20 15:33:00,010 ERROR 99857 [Job#15899599800053982127855607061] /Users/jack/Desktop/zwwl/meetNode/app/schedule/cookieSchedule.js execute error. ReferenceError: ctx is not defined
    at Meet511.subscribe (/Users/jack/Desktop/zwwl/meetNode/app/schedule/cookieSchedule.js:12:9)
    at Object.task (/Users/jack/Desktop/zwwl/meetNode/node_modules/_egg-schedule@3.6.4@egg-schedule/lib/load_schedule.js:37:22)
    at Messenger.<anonymous> (/Users/jack/Desktop/zwwl/meetNode/node_modules/_egg-schedule@3.6.4@egg-schedule/app.js:46:21)
    at Messenger.emit (events.js:310:20)
    at Messenger._onMessage (/Users/jack/Desktop/zwwl/meetNode/node_modules/_egg@2.26.1@egg/lib/core/messenger/ipc.js:116:12)
    at process.emit (events.js:322:22)
    at emit (internal/child_process.js:876:12)
    at processTicksAndRejections (internal/process/task_queues.js:85:21)
2020-05-20 15:33:00,011 ERROR 99857 [Job#15899599800053982127855607061] /Users/jack/Desktop/zwwl/meetNode/app/schedule/cookieSchedule.js execute failed, used 3ms
2020-05-20 16:48:34,385 ERROR 498 nodejs.Error: [egg-schedule] /Users/jack/Desktop/zwwl/meetNode/app/schedule/meet511.js parse cron instruction(0 0 0 ? ? ? ) error: Invalid characters, got value: ?
    at Function._parseField (/Users/jack/Desktop/zwwl/meetNode/node_modules/_cron-parser@2.13.0@cron-parser/lib/expression.js:186:11)
    at parse (/Users/jack/Desktop/zwwl/meetNode/node_modules/_cron-parser@2.13.0@cron-parser/lib/expression.js:774:36)
    at Function.parse (/Users/jack/Desktop/zwwl/meetNode/node_modules/_cron-parser@2.13.0@cron-parser/lib/expression.js:837:10)
    at Function.parseExpression (/Users/jack/Desktop/zwwl/meetNode/node_modules/_cron-parser@2.13.0@cron-parser/lib/parser.js:41:25)
    at new TimerStrategy (/Users/jack/Desktop/zwwl/meetNode/node_modules/_egg-schedule@3.6.4@egg-schedule/lib/strategy/timer.js:23:38)
    at new AllStrategy (/Users/jack/Desktop/zwwl/meetNode/node_modules/_egg-schedule@3.6.4@egg-schedule/lib/strategy/all.js:5:18)
    at Schedule.init (/Users/jack/Desktop/zwwl/meetNode/node_modules/_egg-schedule@3.6.4@egg-schedule/lib/schedule.js:45:24)
    at /Users/jack/Desktop/zwwl/meetNode/node_modules/_egg-schedule@3.6.4@egg-schedule/agent.js:13:20
    at Object.callFn (/Users/jack/Desktop/zwwl/meetNode/node_modules/_egg-core@4.17.4@egg-core/lib/utils/index.js:44:42)
    at /Users/jack/Desktop/zwwl/meetNode/node_modules/_egg-core@4.17.4@egg-core/lib/lifecycle.js:256:13

pid: 498
hostname: bogon

2020-05-20 16:55:24,892 ERROR 588 [-/127.0.0.1/-/1ms GET /] nodejs.ReferenceError: app is not defined
    at AppBootHook.serverDidReady (/Users/jack/Desktop/zwwl/meetNode/app.js:8:5)
    at Object.callFn (/Users/jack/Desktop/zwwl/meetNode/node_modules/_egg-core@4.17.4@egg-core/lib/utils/index.js:44:21)
    at /Users/jack/Desktop/zwwl/meetNode/node_modules/_egg-core@4.17.4@egg-core/lib/lifecycle.js:207:23
    at processTicksAndRejections (internal/process/task_queues.js:97:5)

pid: 588
hostname: bogon

2020-05-20 16:58:56,447 ERROR 609 [-/127.0.0.1/-/1ms GET /] nodejs.ReferenceError: app is not defined
    at AppBootHook.serverDidReady (/Users/jack/Desktop/zwwl/meetNode/app.js:8:5)
    at Object.callFn (/Users/jack/Desktop/zwwl/meetNode/node_modules/_egg-core@4.17.4@egg-core/lib/utils/index.js:44:21)
    at /Users/jack/Desktop/zwwl/meetNode/node_modules/_egg-core@4.17.4@egg-core/lib/lifecycle.js:207:23
    at processTicksAndRejections (internal/process/task_queues.js:97:5)

pid: 609
hostname: bogon

2020-05-20 16:59:27,280 ERROR 641 nodejs.TypeError: this.service.cookie.service.cookie is not a function
    at ReadFileContext.callback (/Users/jack/Desktop/zwwl/meetNode/app/schedule/meet511.js:18:62)
    at FSReqCallback.readFileAfterOpen [as oncomplete] (fs.js:257:13)

pid: 641
hostname: bogon

2020-05-20 17:47:22,682 ERROR 991 nodejs.unhandledRejectionError: ENOENT: no such file or directory, open '/cookie.txt'
    at Object.openSync (fs.js:458:3)
    at Object.readFileSync (fs.js:360:35)
    at MeetService.autoMeet (/Users/jack/Desktop/zwwl/meetNode/app/service/meet.js:12:8)
    at Meet511.subscribe (/Users/jack/Desktop/zwwl/meetNode/app/schedule/meet511.js:17:25)
    at Object.task (/Users/jack/Desktop/zwwl/meetNode/node_modules/_egg-schedule@3.6.4@egg-schedule/lib/load_schedule.js:37:22)
    at Messenger.<anonymous> (/Users/jack/Desktop/zwwl/meetNode/node_modules/_egg-schedule@3.6.4@egg-schedule/app.js:46:21)
    at Messenger.emit (events.js:310:20)
    at Messenger._onMessage (/Users/jack/Desktop/zwwl/meetNode/node_modules/_egg@2.26.1@egg/lib/core/messenger/ipc.js:116:12)
    at process.emit (events.js:322:22)
    at emit (internal/child_process.js:876:12)
errno: -2
syscall: "open"
code: "ENOENT"
path: "/cookie.txt"
name: "unhandledRejectionError"
pid: 991
hostname: bogon

2020-05-20 18:01:27,754 ERROR 1095 nodejs.unhandledRejectionError: ENOENT: no such file or directory, open '/cookie.txt'
    at Object.openSync (fs.js:458:3)
    at Object.readFileSync (fs.js:360:35)
    at CookieService.getCookie (/Users/jack/Desktop/zwwl/meetNode/app/service/cookie.js:12:8)
    at MeetService.autoMeet (/Users/jack/Desktop/zwwl/meetNode/app/service/meet.js:18:46)
    at Meet511.subscribe (/Users/jack/Desktop/zwwl/meetNode/app/schedule/meet511.js:17:25)
    at Object.task (/Users/jack/Desktop/zwwl/meetNode/node_modules/_egg-schedule@3.6.4@egg-schedule/lib/load_schedule.js:37:22)
    at Messenger.<anonymous> (/Users/jack/Desktop/zwwl/meetNode/node_modules/_egg-schedule@3.6.4@egg-schedule/app.js:46:21)
    at Messenger.emit (events.js:310:20)
    at Messenger._onMessage (/Users/jack/Desktop/zwwl/meetNode/node_modules/_egg@2.26.1@egg/lib/core/messenger/ipc.js:116:12)
    at process.emit (events.js:322:22)
errno: -2
syscall: "open"
code: "ENOENT"
path: "/cookie.txt"
name: "unhandledRejectionError"
pid: 1095
hostname: bogon

2020-05-20 18:03:56,471 ERROR 1115 nodejs.unhandledRejectionError: ENOENT: no such file or directory, open '/cookie.txt'
    at Object.openSync (fs.js:458:3)
    at Object.readFileSync (fs.js:360:35)
    at CookieService.getCookie (/Users/jack/Desktop/zwwl/meetNode/app/service/cookie.js:11:8)
    at MeetService.autoMeet (/Users/jack/Desktop/zwwl/meetNode/app/service/meet.js:18:46)
    at Meet511.subscribe (/Users/jack/Desktop/zwwl/meetNode/app/schedule/meet511.js:17:25)
    at Object.task (/Users/jack/Desktop/zwwl/meetNode/node_modules/_egg-schedule@3.6.4@egg-schedule/lib/load_schedule.js:37:22)
    at Messenger.<anonymous> (/Users/jack/Desktop/zwwl/meetNode/node_modules/_egg-schedule@3.6.4@egg-schedule/app.js:46:21)
    at Messenger.emit (events.js:310:20)
    at Messenger._onMessage (/Users/jack/Desktop/zwwl/meetNode/node_modules/_egg@2.26.1@egg/lib/core/messenger/ipc.js:116:12)
    at process.emit (events.js:322:22)
errno: -2
syscall: "open"
code: "ENOENT"
path: "/cookie.txt"
name: "unhandledRejectionError"
pid: 1115
hostname: bogon

2020-05-20 18:04:39,409 ERROR 1132 [Job#15899690794004073119845238201] /Users/jack/Desktop/zwwl/meetNode/app/schedule/cookieSchedule.js execute error. Error: ENOENT: no such file or directory, open '/cookie.txt'
    at Object.openSync (fs.js:458:3)
    at Object.readFileSync (fs.js:360:35)
    at CookieService.getCookie (/Users/jack/Desktop/zwwl/meetNode/app/service/cookie.js:11:8)
    at Meet511.subscribe (/Users/jack/Desktop/zwwl/meetNode/app/schedule/cookieSchedule.js:18:35)
    at Object.task (/Users/jack/Desktop/zwwl/meetNode/node_modules/_egg-schedule@3.6.4@egg-schedule/lib/load_schedule.js:37:22)
    at Messenger.<anonymous> (/Users/jack/Desktop/zwwl/meetNode/node_modules/_egg-schedule@3.6.4@egg-schedule/app.js:46:21)
    at Messenger.emit (events.js:310:20)
    at Messenger._onMessage (/Users/jack/Desktop/zwwl/meetNode/node_modules/_egg@2.26.1@egg/lib/core/messenger/ipc.js:116:12)
    at process.emit (events.js:322:22)
    at emit (internal/child_process.js:876:12) {
  errno: -2,
  syscall: 'open',
  code: 'ENOENT',
  path: '/cookie.txt'
}
2020-05-20 18:04:39,410 ERROR 1132 [Job#15899690794004073119845238201] /Users/jack/Desktop/zwwl/meetNode/app/schedule/cookieSchedule.js execute failed, used 8ms
2020-05-20 18:06:40,656 ERROR 1167 [Job#15899692006474074332283566921] /Users/jack/Desktop/zwwl/meetNode/app/schedule/cookieSchedule.js execute error. Error: ENOENT: no such file or directory, open 'cookie.txt'
    at Object.openSync (fs.js:458:3)
    at Object.readFileSync (fs.js:360:35)
    at CookieService.getCookie (/Users/jack/Desktop/zwwl/meetNode/app/service/cookie.js:11:8)
    at Meet511.subscribe (/Users/jack/Desktop/zwwl/meetNode/app/schedule/cookieSchedule.js:18:35)
    at Object.task (/Users/jack/Desktop/zwwl/meetNode/node_modules/_egg-schedule@3.6.4@egg-schedule/lib/load_schedule.js:37:22)
    at Messenger.<anonymous> (/Users/jack/Desktop/zwwl/meetNode/node_modules/_egg-schedule@3.6.4@egg-schedule/app.js:46:21)
    at Messenger.emit (events.js:310:20)
    at Messenger._onMessage (/Users/jack/Desktop/zwwl/meetNode/node_modules/_egg@2.26.1@egg/lib/core/messenger/ipc.js:116:12)
    at process.emit (events.js:322:22)
    at emit (internal/child_process.js:876:12) {
  errno: -2,
  syscall: 'open',
  code: 'ENOENT',
  path: 'cookie.txt'
}
2020-05-20 18:06:40,657 ERROR 1167 [Job#15899692006474074332283566921] /Users/jack/Desktop/zwwl/meetNode/app/schedule/cookieSchedule.js execute failed, used 8ms
2020-05-20 18:07:48,460 ERROR 1185 [Job#1589969268450407501294416941] /Users/jack/Desktop/zwwl/meetNode/app/schedule/cookieSchedule.js execute error. Error: ENOENT: no such file or directory, open '/cookie.txt'
    at Object.openSync (fs.js:458:3)
    at Object.readFileSync (fs.js:360:35)
    at CookieService.getCookie (/Users/jack/Desktop/zwwl/meetNode/app/service/cookie.js:11:8)
    at Meet511.subscribe (/Users/jack/Desktop/zwwl/meetNode/app/schedule/cookieSchedule.js:18:35)
    at Object.task (/Users/jack/Desktop/zwwl/meetNode/node_modules/_egg-schedule@3.6.4@egg-schedule/lib/load_schedule.js:37:22)
    at Messenger.<anonymous> (/Users/jack/Desktop/zwwl/meetNode/node_modules/_egg-schedule@3.6.4@egg-schedule/app.js:46:21)
    at Messenger.emit (events.js:310:20)
    at Messenger._onMessage (/Users/jack/Desktop/zwwl/meetNode/node_modules/_egg@2.26.1@egg/lib/core/messenger/ipc.js:116:12)
    at process.emit (events.js:322:22)
    at emit (internal/child_process.js:876:12) {
  errno: -2,
  syscall: 'open',
  code: 'ENOENT',
  path: '/cookie.txt'
}
2020-05-20 18:07:48,461 ERROR 1185 [Job#1589969268450407501294416941] /Users/jack/Desktop/zwwl/meetNode/app/schedule/cookieSchedule.js execute failed, used 10ms
2020-05-20 18:08:48,329 ERROR 1200 [Job#15899693283204075608980188351] /Users/jack/Desktop/zwwl/meetNode/app/schedule/cookieSchedule.js execute error. Error: ENOENT: no such file or directory, open '/cookie.txt'
    at Object.openSync (fs.js:458:3)
    at Object.readFileSync (fs.js:360:35)
    at CookieService.getCookie (/Users/jack/Desktop/zwwl/meetNode/app/service/cookie.js:11:8)
    at processTicksAndRejections (internal/process/task_queues.js:97:5)
    at async Meet511.subscribe (/Users/jack/Desktop/zwwl/meetNode/app/schedule/cookieSchedule.js:18:5) {
  errno: -2,
  syscall: 'open',
  code: 'ENOENT',
  path: '/cookie.txt'
}
2020-05-20 18:08:48,330 ERROR 1200 [Job#15899693283204075608980188351] /Users/jack/Desktop/zwwl/meetNode/app/schedule/cookieSchedule.js execute failed, used 9ms
2020-05-20 18:10:21,219 ERROR 1214 nodejs.ENOENTError: ENOENT: no such file or directory, open '/cookie.txt' (uncaughtException throw 1 times on pid:1214)
    at Object.openSync (fs.js:458:3)
    at Object.readFileSync (fs.js:360:35)
    at /Users/jack/Desktop/zwwl/meetNode/app/service/cookie.js:11:10
    at ChildProcess.exithandler (child_process.js:294:7)
    at ChildProcess.emit (events.js:310:20)
    at maybeClose (internal/child_process.js:1021:16)
    at Socket.<anonymous> (internal/child_process.js:443:11)
    at Socket.emit (events.js:310:20)
    at Pipe.<anonymous> (net.js:672:12)
errno: -2
syscall: "open"
code: "ENOENT"
path: "/cookie.txt"
name: "ENOENTError"
pid: 1214
hostname: bogon

2020-05-20 18:12:13,913 ERROR 1232 nodejs.ENOENTError: ENOENT: no such file or directory, open '/cookie.txt' (uncaughtException throw 1 times on pid:1232)
    at Object.openSync (fs.js:458:3)
    at Object.readFileSync (fs.js:360:35)
    at /Users/jack/Desktop/zwwl/meetNode/app/service/cookie.js:11:10
    at ChildProcess.exithandler (child_process.js:294:7)
    at ChildProcess.emit (events.js:310:20)
    at maybeClose (internal/child_process.js:1021:16)
    at Socket.<anonymous> (internal/child_process.js:443:11)
    at Socket.emit (events.js:310:20)
    at Pipe.<anonymous> (net.js:672:12)
errno: -2
syscall: "open"
code: "ENOENT"
path: "/cookie.txt"
name: "ENOENTError"
pid: 1232
hostname: bogon

2020-05-20 18:16:32,048 ERROR 1280 nodejs.ENOENTError: ENOENT: no such file or directory, open '/cookie.txt' (uncaughtException throw 1 times on pid:1280)
    at Object.openSync (fs.js:458:3)
    at Object.readFileSync (fs.js:360:35)
    at /Users/jack/Desktop/zwwl/meetNode/app/service/cookie.js:14:16
    at ChildProcess.exithandler (child_process.js:294:7)
    at ChildProcess.emit (events.js:310:20)
    at maybeClose (internal/child_process.js:1021:16)
    at Socket.<anonymous> (internal/child_process.js:443:11)
    at Socket.emit (events.js:310:20)
    at Pipe.<anonymous> (net.js:672:12)
errno: -2
syscall: "open"
code: "ENOENT"
path: "/cookie.txt"
name: "ENOENTError"
pid: 1280
hostname: bogon

2020-05-20 18:18:26,270 ERROR 1314 nodejs.TypeError: Callback must be a function. Received undefined (uncaughtException throw 1 times on pid:1314)
    at maybeCallback (fs.js:144:9)
    at Object.writeFile (fs.js:1249:14)
    at /Users/jack/Desktop/zwwl/meetNode/app/service/cookie.js:20:24
    at FSReqCallback.readFileAfterClose [as oncomplete] (internal/fs/read_file_context.js:63:3)
code: "ERR_INVALID_CALLBACK"
pid: 1314
hostname: bogon

2020-05-20 18:35:24,544 ERROR 1369 nodejs.unhandledRejectionError: ENOENT: no such file or directory, open '/cookie.txt'
    at Object.openSync (fs.js:458:3)
    at Object.readFileSync (fs.js:360:35)
    at MeetService.autoMeet (/Users/jack/Desktop/zwwl/meetNode/app/service/meet.js:12:10)
    at Meet511.subscribe (/Users/jack/Desktop/zwwl/meetNode/app/schedule/meet511.js:17:25)
    at Object.task (/Users/jack/Desktop/zwwl/meetNode/node_modules/_egg-schedule@3.6.4@egg-schedule/lib/load_schedule.js:37:22)
    at Messenger.<anonymous> (/Users/jack/Desktop/zwwl/meetNode/node_modules/_egg-schedule@3.6.4@egg-schedule/app.js:46:21)
    at Messenger.emit (events.js:310:20)
    at Messenger._onMessage (/Users/jack/Desktop/zwwl/meetNode/node_modules/_egg@2.26.1@egg/lib/core/messenger/ipc.js:116:12)
    at process.emit (events.js:322:22)
    at emit (internal/child_process.js:876:12)
errno: -2
syscall: "open"
code: "ENOENT"
path: "/cookie.txt"
name: "unhandledRejectionError"
pid: 1369
hostname: bogon

2020-05-20 18:46:50,488 ERROR 1506 nodejs.ReferenceError: meetAction is not defined
    at /Users/jack/Desktop/zwwl/meetNode/app/service/meet.js:16:11
    at FSReqCallback.readFileAfterClose [as oncomplete] (internal/fs/read_file_context.js:63:3)

pid: 1506
hostname: bogon

2020-05-20 19:34:50,542 ERROR 1783 nodejs.TypeError: Callback must be a function. Received undefined
    at maybeCallback (fs.js:144:9)
    at Object.writeFile (fs.js:1249:14)
    at MeetService.meetAction (/Users/jack/Desktop/zwwl/meetNode/app/service/meet.js:27:8)
code: "ERR_INVALID_CALLBACK"
pid: 1783
hostname: bogon

2020-05-20 19:39:34,728 ERROR 1803 nodejs.TypeError: Callback must be a function. Received undefined
    at maybeCallback (fs.js:144:9)
    at Object.writeFile (fs.js:1249:14)
    at MeetService.meetAction (/Users/jack/Desktop/zwwl/meetNode/app/service/meet.js:27:8)
code: "ERR_INVALID_CALLBACK"
pid: 1803
hostname: bogon

2020-05-20 19:39:35,598 ERROR 1803 nodejs.TypeError: The "fd" argument must be of type number. Received type string ('index.html') (uncaughtException throw 1 times on pid:1803)
    at Object.write (fs.js:538:3)
    at Request._callback (/Users/jack/Desktop/zwwl/meetNode/app/params/index.js:94:8)
    at Request.self.callback (/Users/jack/Desktop/zwwl/meetNode/node_modules/_request@2.88.2@request/request.js:185:22)
    at Request.emit (events.js:310:20)
    at Request.<anonymous> (/Users/jack/Desktop/zwwl/meetNode/node_modules/_request@2.88.2@request/request.js:1154:10)
    at Request.emit (events.js:310:20)
    at IncomingMessage.<anonymous> (/Users/jack/Desktop/zwwl/meetNode/node_modules/_request@2.88.2@request/request.js:1076:12)
    at Object.onceWrapper (events.js:416:28)
    at IncomingMessage.emit (events.js:322:22)
    at endReadableNT (_stream_readable.js:1187:12)
code: "ERR_INVALID_ARG_TYPE"
pid: 1803
hostname: bogon

2020-05-20 19:40:30,343 ERROR 1828 nodejs.TypeError: Callback must be a function. Received undefined (uncaughtException throw 1 times on pid:1828)
    at maybeCallback (fs.js:144:9)
    at Object.writeFile (fs.js:1249:14)
    at Request._callback (/Users/jack/Desktop/zwwl/meetNode/app/params/index.js:94:8)
    at Request.self.callback (/Users/jack/Desktop/zwwl/meetNode/node_modules/_request@2.88.2@request/request.js:185:22)
    at Request.emit (events.js:310:20)
    at Request.<anonymous> (/Users/jack/Desktop/zwwl/meetNode/node_modules/_request@2.88.2@request/request.js:1154:10)
    at Request.emit (events.js:310:20)
    at IncomingMessage.<anonymous> (/Users/jack/Desktop/zwwl/meetNode/node_modules/_request@2.88.2@request/request.js:1076:12)
    at Object.onceWrapper (events.js:416:28)
    at IncomingMessage.emit (events.js:322:22)
code: "ERR_INVALID_CALLBACK"
pid: 1828
hostname: bogon

2020-05-20 21:11:55,156 ERROR 1855 nodejs.ClusterClientNoResponseError: client no response in 5113116ms exceeding maxIdleTime 60000ms, maybe the connection is close on other side.
    at Timeout._onTimeout (/Users/jack/Desktop/zwwl/meetNode/node_modules/_cluster-client@3.0.1@cluster-client/lib/leader.js:77:23)
    at listOnTimeout (internal/timers.js:549:17)
    at processTimers (internal/timers.js:492:7)
name: "ClusterClientNoResponseError"
pid: 1855
hostname: bogon

2020-05-20 22:33:19,146 ERROR 1855 nodejs.ClusterClientNoResponseError: client no response in 4363728ms exceeding maxIdleTime 60000ms, maybe the connection is close on other side.
    at Timeout._onTimeout (/Users/jack/Desktop/zwwl/meetNode/node_modules/_cluster-client@3.0.1@cluster-client/lib/leader.js:77:23)
    at listOnTimeout (internal/timers.js:549:17)
    at processTimers (internal/timers.js:492:7)
name: "ClusterClientNoResponseError"
pid: 1855
hostname: bogon

2020-05-20 23:41:39,528 ERROR 2152 nodejs.ReferenceError: monment is not defined
    at /Users/jack/Desktop/zwwl/meetNode/app/service/meet.js:16:23
    at FSReqCallback.readFileAfterClose [as oncomplete] (internal/fs/read_file_context.js:63:3)

pid: 2152
hostname: bogon

2020-05-20 23:42:18,447 ERROR 2168 nodejs.ReferenceError: moment is not defined
    at /Users/jack/Desktop/zwwl/meetNode/app/service/meet.js:19:28
    at FSReqCallback.readFileAfterClose [as oncomplete] (internal/fs/read_file_context.js:63:3)

pid: 2168
hostname: bogon

2020-05-20 23:48:32,219 ERROR 2201 nodejs.TypeError: Cannot read property 'body' of undefined (uncaughtException throw 1 times on pid:2201)
    at Request._callback (/Users/jack/Desktop/zwwl/meetNode/app/params/index.js:92:42)
    at self.callback (/Users/jack/Desktop/zwwl/meetNode/node_modules/_request@2.88.2@request/request.js:185:22)
    at Request.emit (events.js:310:20)
    at Request.start (/Users/jack/Desktop/zwwl/meetNode/node_modules/_request@2.88.2@request/request.js:753:10)
    at Request.write (/Users/jack/Desktop/zwwl/meetNode/node_modules/_request@2.88.2@request/request.js:1491:10)
    at end (/Users/jack/Desktop/zwwl/meetNode/node_modules/_request@2.88.2@request/request.js:549:18)
    at Immediate.<anonymous> (/Users/jack/Desktop/zwwl/meetNode/node_modules/_request@2.88.2@request/request.js:578:7)
    at processImmediate (internal/timers.js:456:21)

pid: 2201
hostname: bogon

2020-05-20 23:55:41,467 ERROR 2282 nodejs.Error: TypeError [ERR_INVALID_CHAR]: Invalid character in header content ["Cookie"] (uncaughtException throw 1 times on pid:2282)
    at Request._callback (/Users/jack/Desktop/zwwl/meetNode/app/params/index.js:93:13)
    at self.callback (/Users/jack/Desktop/zwwl/meetNode/node_modules/_request@2.88.2@request/request.js:185:22)
    at Request.emit (events.js:310:20)
    at Request.start (/Users/jack/Desktop/zwwl/meetNode/node_modules/_request@2.88.2@request/request.js:753:10)
    at Request.write (/Users/jack/Desktop/zwwl/meetNode/node_modules/_request@2.88.2@request/request.js:1491:10)
    at end (/Users/jack/Desktop/zwwl/meetNode/node_modules/_request@2.88.2@request/request.js:549:18)
    at Immediate.<anonymous> (/Users/jack/Desktop/zwwl/meetNode/node_modules/_request@2.88.2@request/request.js:578:7)
    at processImmediate (internal/timers.js:456:21)

pid: 2282
hostname: bogon

2020-05-20 23:56:50,866 ERROR 2306 nodejs.Error: TypeError [ERR_INVALID_CHAR]: Invalid character in header content ["Cookie"] (uncaughtException throw 1 times on pid:2306)
    at Request._callback (/Users/jack/Desktop/zwwl/meetNode/app/params/index.js:93:13)
    at self.callback (/Users/jack/Desktop/zwwl/meetNode/node_modules/_request@2.88.2@request/request.js:185:22)
    at Request.emit (events.js:310:20)
    at Request.start (/Users/jack/Desktop/zwwl/meetNode/node_modules/_request@2.88.2@request/request.js:753:10)
    at Request.write (/Users/jack/Desktop/zwwl/meetNode/node_modules/_request@2.88.2@request/request.js:1491:10)
    at end (/Users/jack/Desktop/zwwl/meetNode/node_modules/_request@2.88.2@request/request.js:549:18)
    at Immediate.<anonymous> (/Users/jack/Desktop/zwwl/meetNode/node_modules/_request@2.88.2@request/request.js:578:7)
    at processImmediate (internal/timers.js:456:21)

pid: 2306
hostname: bogon

2020-05-20 23:57:58,930 ERROR 2322 nodejs.Error: TypeError [ERR_INVALID_CHAR]: Invalid character in header content ["Cookie"] (uncaughtException throw 1 times on pid:2322)
    at Request._callback (/Users/jack/Desktop/zwwl/meetNode/app/params/index.js:93:13)
    at self.callback (/Users/jack/Desktop/zwwl/meetNode/node_modules/_request@2.88.2@request/request.js:185:22)
    at Request.emit (events.js:310:20)
    at Request.start (/Users/jack/Desktop/zwwl/meetNode/node_modules/_request@2.88.2@request/request.js:753:10)
    at Request.write (/Users/jack/Desktop/zwwl/meetNode/node_modules/_request@2.88.2@request/request.js:1491:10)
    at end (/Users/jack/Desktop/zwwl/meetNode/node_modules/_request@2.88.2@request/request.js:549:18)
    at Immediate.<anonymous> (/Users/jack/Desktop/zwwl/meetNode/node_modules/_request@2.88.2@request/request.js:578:7)
    at processImmediate (internal/timers.js:456:21)

pid: 2322
hostname: bogon

2020-05-20 23:58:28,680 ERROR 2346 nodejs.Error: TypeError [ERR_INVALID_CHAR]: Invalid character in header content ["Cookie"] (uncaughtException throw 1 times on pid:2346)
    at Request._callback (/Users/jack/Desktop/zwwl/meetNode/app/params/index.js:93:13)
    at self.callback (/Users/jack/Desktop/zwwl/meetNode/node_modules/_request@2.88.2@request/request.js:185:22)
    at Request.emit (events.js:310:20)
    at Request.start (/Users/jack/Desktop/zwwl/meetNode/node_modules/_request@2.88.2@request/request.js:753:10)
    at Request.write (/Users/jack/Desktop/zwwl/meetNode/node_modules/_request@2.88.2@request/request.js:1491:10)
    at end (/Users/jack/Desktop/zwwl/meetNode/node_modules/_request@2.88.2@request/request.js:549:18)
    at Immediate.<anonymous> (/Users/jack/Desktop/zwwl/meetNode/node_modules/_request@2.88.2@request/request.js:578:7)
    at processImmediate (internal/timers.js:456:21)

pid: 2346
hostname: bogon

2020-05-20 23:59:20,689 ERROR 2360 nodejs.Error: TypeError [ERR_INVALID_CHAR]: Invalid character in header content ["Cookie"] (uncaughtException throw 1 times on pid:2360)
    at Request._callback (/Users/jack/Desktop/zwwl/meetNode/app/params/index.js:93:13)
    at self.callback (/Users/jack/Desktop/zwwl/meetNode/node_modules/_request@2.88.2@request/request.js:185:22)
    at Request.emit (events.js:310:20)
    at Request.start (/Users/jack/Desktop/zwwl/meetNode/node_modules/_request@2.88.2@request/request.js:753:10)
    at Request.write (/Users/jack/Desktop/zwwl/meetNode/node_modules/_request@2.88.2@request/request.js:1491:10)
    at end (/Users/jack/Desktop/zwwl/meetNode/node_modules/_request@2.88.2@request/request.js:549:18)
    at Immediate.<anonymous> (/Users/jack/Desktop/zwwl/meetNode/node_modules/_request@2.88.2@request/request.js:578:7)
    at processImmediate (internal/timers.js:456:21)

pid: 2360
hostname: bogon

2020-05-21 00:05:21,958 ERROR 2390 nodejs.Error: TypeError [ERR_INVALID_CHAR]: Invalid character in header content ["Cookie"] (uncaughtException throw 1 times on pid:2390)
    at Request._callback (/Users/jack/Desktop/zwwl/meetNode/app/params/index.js:94:13)
    at self.callback (/Users/jack/Desktop/zwwl/meetNode/node_modules/_request@2.88.2@request/request.js:185:22)
    at Request.emit (events.js:310:20)
    at Request.start (/Users/jack/Desktop/zwwl/meetNode/node_modules/_request@2.88.2@request/request.js:753:10)
    at Request.write (/Users/jack/Desktop/zwwl/meetNode/node_modules/_request@2.88.2@request/request.js:1491:10)
    at end (/Users/jack/Desktop/zwwl/meetNode/node_modules/_request@2.88.2@request/request.js:549:18)
    at Immediate.<anonymous> (/Users/jack/Desktop/zwwl/meetNode/node_modules/_request@2.88.2@request/request.js:578:7)
    at processImmediate (internal/timers.js:456:21)

pid: 2390
hostname: bogon

2020-05-21 00:14:29,581 ERROR 2412 nodejs.Error: TypeError [ERR_INVALID_CHAR]: Invalid character in header content ["Cookie"] (uncaughtException throw 1 times on pid:2412)
    at Request._callback (/Users/jack/Desktop/zwwl/meetNode/app/params/index.js:94:13)
    at self.callback (/Users/jack/Desktop/zwwl/meetNode/node_modules/_request@2.88.2@request/request.js:185:22)
    at Request.emit (events.js:310:20)
    at Request.start (/Users/jack/Desktop/zwwl/meetNode/node_modules/_request@2.88.2@request/request.js:753:10)
    at Request.write (/Users/jack/Desktop/zwwl/meetNode/node_modules/_request@2.88.2@request/request.js:1491:10)
    at end (/Users/jack/Desktop/zwwl/meetNode/node_modules/_request@2.88.2@request/request.js:549:18)
    at Immediate.<anonymous> (/Users/jack/Desktop/zwwl/meetNode/node_modules/_request@2.88.2@request/request.js:578:7)
    at processImmediate (internal/timers.js:456:21)

pid: 2412
hostname: bogon

2020-05-21 00:15:27,859 ERROR 2428 nodejs.Error: TypeError [ERR_INVALID_CHAR]: Invalid character in header content ["Cookie"] (uncaughtException throw 1 times on pid:2428)
    at Request._callback (/Users/jack/Desktop/zwwl/meetNode/app/params/index.js:94:13)
    at self.callback (/Users/jack/Desktop/zwwl/meetNode/node_modules/_request@2.88.2@request/request.js:185:22)
    at Request.emit (events.js:310:20)
    at Request.start (/Users/jack/Desktop/zwwl/meetNode/node_modules/_request@2.88.2@request/request.js:753:10)
    at Request.write (/Users/jack/Desktop/zwwl/meetNode/node_modules/_request@2.88.2@request/request.js:1491:10)
    at end (/Users/jack/Desktop/zwwl/meetNode/node_modules/_request@2.88.2@request/request.js:549:18)
    at Immediate.<anonymous> (/Users/jack/Desktop/zwwl/meetNode/node_modules/_request@2.88.2@request/request.js:578:7)
    at processImmediate (internal/timers.js:456:21)

pid: 2428
hostname: bogon

2020-05-21 00:16:59,481 ERROR 2451 nodejs.Error: TypeError [ERR_INVALID_CHAR]: Invalid character in header content ["Cookie"] (uncaughtException throw 1 times on pid:2451)
    at Request._callback (/Users/jack/Desktop/zwwl/meetNode/app/params/index.js:94:13)
    at self.callback (/Users/jack/Desktop/zwwl/meetNode/node_modules/_request@2.88.2@request/request.js:185:22)
    at Request.emit (events.js:310:20)
    at Request.start (/Users/jack/Desktop/zwwl/meetNode/node_modules/_request@2.88.2@request/request.js:753:10)
    at Request.write (/Users/jack/Desktop/zwwl/meetNode/node_modules/_request@2.88.2@request/request.js:1491:10)
    at end (/Users/jack/Desktop/zwwl/meetNode/node_modules/_request@2.88.2@request/request.js:549:18)
    at Immediate.<anonymous> (/Users/jack/Desktop/zwwl/meetNode/node_modules/_request@2.88.2@request/request.js:578:7)
    at processImmediate (internal/timers.js:456:21)

pid: 2451
hostname: bogon

2020-05-21 00:18:31,763 ERROR 2468 nodejs.Error: TypeError [ERR_INVALID_CHAR]: Invalid character in header content ["Cookie"] (uncaughtException throw 1 times on pid:2468)
    at Request._callback (/Users/jack/Desktop/zwwl/meetNode/app/params/index.js:94:13)
    at self.callback (/Users/jack/Desktop/zwwl/meetNode/node_modules/_request@2.88.2@request/request.js:185:22)
    at Request.emit (events.js:310:20)
    at Request.start (/Users/jack/Desktop/zwwl/meetNode/node_modules/_request@2.88.2@request/request.js:753:10)
    at Request.write (/Users/jack/Desktop/zwwl/meetNode/node_modules/_request@2.88.2@request/request.js:1491:10)
    at end (/Users/jack/Desktop/zwwl/meetNode/node_modules/_request@2.88.2@request/request.js:549:18)
    at Immediate.<anonymous> (/Users/jack/Desktop/zwwl/meetNode/node_modules/_request@2.88.2@request/request.js:578:7)
    at processImmediate (internal/timers.js:456:21)

pid: 2468
hostname: bogon

2020-05-21 00:19:57,268 ERROR 2485 nodejs.Error: TypeError [ERR_INVALID_CHAR]: Invalid character in header content ["Cookie"] (uncaughtException throw 1 times on pid:2485)
    at Request._callback (/Users/jack/Desktop/zwwl/meetNode/app/params/index.js:94:13)
    at self.callback (/Users/jack/Desktop/zwwl/meetNode/node_modules/_request@2.88.2@request/request.js:185:22)
    at Request.emit (events.js:310:20)
    at Request.start (/Users/jack/Desktop/zwwl/meetNode/node_modules/_request@2.88.2@request/request.js:753:10)
    at Request.write (/Users/jack/Desktop/zwwl/meetNode/node_modules/_request@2.88.2@request/request.js:1491:10)
    at end (/Users/jack/Desktop/zwwl/meetNode/node_modules/_request@2.88.2@request/request.js:549:18)
    at Immediate.<anonymous> (/Users/jack/Desktop/zwwl/meetNode/node_modules/_request@2.88.2@request/request.js:578:7)
    at processImmediate (internal/timers.js:456:21)

pid: 2485
hostname: bogon

2020-05-21 00:20:59,372 ERROR 2505 nodejs.Error: TypeError [ERR_INVALID_CHAR]: Invalid character in header content ["Cookie"] (uncaughtException throw 1 times on pid:2505)
    at Request._callback (/Users/jack/Desktop/zwwl/meetNode/app/params/index.js:94:13)
    at self.callback (/Users/jack/Desktop/zwwl/meetNode/node_modules/_request@2.88.2@request/request.js:185:22)
    at Request.emit (events.js:310:20)
    at Request.start (/Users/jack/Desktop/zwwl/meetNode/node_modules/_request@2.88.2@request/request.js:753:10)
    at Request.write (/Users/jack/Desktop/zwwl/meetNode/node_modules/_request@2.88.2@request/request.js:1491:10)
    at end (/Users/jack/Desktop/zwwl/meetNode/node_modules/_request@2.88.2@request/request.js:549:18)
    at Immediate.<anonymous> (/Users/jack/Desktop/zwwl/meetNode/node_modules/_request@2.88.2@request/request.js:578:7)
    at processImmediate (internal/timers.js:456:21)

pid: 2505
hostname: bogon

2020-05-21 00:21:29,883 ERROR 2526 nodejs.Error: TypeError [ERR_INVALID_CHAR]: Invalid character in header content ["Cookie"] (uncaughtException throw 1 times on pid:2526)
    at Request._callback (/Users/jack/Desktop/zwwl/meetNode/app/params/index.js:94:13)
    at self.callback (/Users/jack/Desktop/zwwl/meetNode/node_modules/_request@2.88.2@request/request.js:185:22)
    at Request.emit (events.js:310:20)
    at Request.start (/Users/jack/Desktop/zwwl/meetNode/node_modules/_request@2.88.2@request/request.js:753:10)
    at Request.write (/Users/jack/Desktop/zwwl/meetNode/node_modules/_request@2.88.2@request/request.js:1491:10)
    at end (/Users/jack/Desktop/zwwl/meetNode/node_modules/_request@2.88.2@request/request.js:549:18)
    at Immediate.<anonymous> (/Users/jack/Desktop/zwwl/meetNode/node_modules/_request@2.88.2@request/request.js:578:7)
    at processImmediate (internal/timers.js:456:21)

pid: 2526
hostname: bogon

2020-05-21 01:22:28,033 ERROR 2716 nodejs.ReferenceError: fs is not defined (uncaughtException throw 1 times on pid:2716)
    at Request._callback (/Users/jack/Desktop/zwwl/meetNode/app/params/meet308.js:96:7)
    at Request.self.callback (/Users/jack/Desktop/zwwl/meetNode/node_modules/_request@2.88.2@request/request.js:185:22)
    at Request.emit (events.js:310:20)
    at Request.<anonymous> (/Users/jack/Desktop/zwwl/meetNode/node_modules/_request@2.88.2@request/request.js:1154:10)
    at Request.emit (events.js:310:20)
    at IncomingMessage.<anonymous> (/Users/jack/Desktop/zwwl/meetNode/node_modules/_request@2.88.2@request/request.js:1076:12)
    at Object.onceWrapper (events.js:416:28)
    at IncomingMessage.emit (events.js:322:22)
    at endReadableNT (_stream_readable.js:1187:12)
    at processTicksAndRejections (internal/process/task_queues.js:84:21)

pid: 2716
hostname: bogon

2020-05-21 01:22:28,168 ERROR 2716 nodejs.ReferenceError: fs is not defined (uncaughtException throw 2 times on pid:2716)
    at Request._callback (/Users/jack/Desktop/zwwl/meetNode/app/params/meet326.js:96:7)
    at Request.self.callback (/Users/jack/Desktop/zwwl/meetNode/node_modules/_request@2.88.2@request/request.js:185:22)
    at Request.emit (events.js:310:20)
    at Request.<anonymous> (/Users/jack/Desktop/zwwl/meetNode/node_modules/_request@2.88.2@request/request.js:1154:10)
    at Request.emit (events.js:310:20)
    at IncomingMessage.<anonymous> (/Users/jack/Desktop/zwwl/meetNode/node_modules/_request@2.88.2@request/request.js:1076:12)
    at Object.onceWrapper (events.js:416:28)
    at IncomingMessage.emit (events.js:322:22)
    at endReadableNT (_stream_readable.js:1187:12)
    at processTicksAndRejections (internal/process/task_queues.js:84:21)

pid: 2716
hostname: bogon

2020-05-21 01:22:28,188 ERROR 2716 nodejs.ReferenceError: fs is not defined (uncaughtException throw 3 times on pid:2716)
    at Request._callback (/Users/jack/Desktop/zwwl/meetNode/app/params/meet306.js:96:7)
    at Request.self.callback (/Users/jack/Desktop/zwwl/meetNode/node_modules/_request@2.88.2@request/request.js:185:22)
    at Request.emit (events.js:310:20)
    at Request.<anonymous> (/Users/jack/Desktop/zwwl/meetNode/node_modules/_request@2.88.2@request/request.js:1154:10)
    at Request.emit (events.js:310:20)
    at IncomingMessage.<anonymous> (/Users/jack/Desktop/zwwl/meetNode/node_modules/_request@2.88.2@request/request.js:1076:12)
    at Object.onceWrapper (events.js:416:28)
    at IncomingMessage.emit (events.js:322:22)
    at endReadableNT (_stream_readable.js:1187:12)
    at processTicksAndRejections (internal/process/task_queues.js:84:21)

pid: 2716
hostname: bogon

2020-05-21 01:22:28,388 ERROR 2716 nodejs.ReferenceError: fs is not defined (uncaughtException throw 4 times on pid:2716)
    at Request._callback (/Users/jack/Desktop/zwwl/meetNode/app/params/meet307.js:96:7)
    at Request.self.callback (/Users/jack/Desktop/zwwl/meetNode/node_modules/_request@2.88.2@request/request.js:185:22)
    at Request.emit (events.js:310:20)
    at Request.<anonymous> (/Users/jack/Desktop/zwwl/meetNode/node_modules/_request@2.88.2@request/request.js:1154:10)
    at Request.emit (events.js:310:20)
    at IncomingMessage.<anonymous> (/Users/jack/Desktop/zwwl/meetNode/node_modules/_request@2.88.2@request/request.js:1076:12)
    at Object.onceWrapper (events.js:416:28)
    at IncomingMessage.emit (events.js:322:22)
    at endReadableNT (_stream_readable.js:1187:12)
    at processTicksAndRejections (internal/process/task_queues.js:84:21)

pid: 2716
hostname: bogon

2020-05-21 09:33:36,366 ERROR 2774 nodejs.ClusterClientNoResponseError: client no response in 2600416ms exceeding maxIdleTime 60000ms, maybe the connection is close on other side.
    at Timeout._onTimeout (/Users/jack/Desktop/zwwl/meetNode/node_modules/_cluster-client@3.0.1@cluster-client/lib/leader.js:77:23)
    at listOnTimeout (internal/timers.js:549:17)
    at processTimers (internal/timers.js:492:7)
name: "ClusterClientNoResponseError"
pid: 2774
hostname: bogon

2020-05-21 16:15:16,183 ERROR 11900 nodejs.TypeError: Cannot read property 'curl' of undefined
    at module.exports (/Users/jack/Desktop/zwwl/Nodemeet/app/params/index.js:101:26)
    at /Users/jack/Desktop/zwwl/Nodemeet/app/service/meet.js:29:9
    at FSReqCallback.readFileAfterClose [as oncomplete] (internal/fs/read_file_context.js:63:3)

pid: 11900
hostname: bogon

2020-05-21 16:17:29,182 ERROR 11947 nodejs.TypeError: Cannot read property 'curl' of undefined
    at module.exports (/Users/jack/Desktop/zwwl/Nodemeet/app/params/index.js:101:26)
    at /Users/jack/Desktop/zwwl/Nodemeet/app/service/meet.js:30:9
    at FSReqCallback.readFileAfterClose [as oncomplete] (internal/fs/read_file_context.js:63:3)

pid: 11947
hostname: bogon

2020-05-21 16:33:07,903 ERROR 12026 nodejs.ResponseTimeoutError: Response timeout for 5000ms, POST http://bms.lanxum.com/query.action?m=save&obj=a55&rtnURL=%2Fcontroller.action%3Fname%3DScheduledConference -1 (connected: true, keepalive socket: false, agent status: {"createSocketCount":1,"createSocketErrorCount":0,"closeSocketCount":1,"errorSocketCount":0,"timeoutSocketCount":0,"requestCount":0,"freeSockets":{},"sockets":{},"requests":{}}, socketHandledRequests: 1, socketHandledResponses: 0)
headers: {}
headers: {}
    at Timeout._onTimeout (/Users/jack/Desktop/zwwl/Nodemeet/node_modules/_urllib@2.35.0@urllib/lib/urllib.js:952:15)
    at listOnTimeout (internal/timers.js:549:17)
    at processTimers (internal/timers.js:492:7)
name: "ResponseTimeoutError"
requestId: 1
data: undefined
path: "/query.action?m=save&obj=a55&rtnURL=%2Fcontroller.action%3Fname%3DScheduledConference"
status: -1
headers: {}
res: {"status":-1,"statusCode":-1,"statusMessage":null,"headers":{},"size":0,"aborted":false,"rt":8045,"keepAliveSocket":false,"requestUrls":["http://bms.lanxum.com/query.action?m=save&obj=a55&rtnURL=%2Fcontroller.action%3Fname%3DScheduledConference"],"timing":null,"remoteAddress":"1.202.190.78","remotePort":80,"socketHandledRequests":1,"socketHandledResponses":0}
pid: 12026
hostname: bogon

2020-05-21 16:36:22,121 ERROR 12041 nodejs.ResponseTimeoutError: Response timeout for 5000ms, POST http://bms.lanxum.com/query.action?m=save&obj=a55&rtnURL=%2Fcontroller.action%3Fname%3DScheduledConference -1 (connected: true, keepalive socket: false, agent status: {"createSocketCount":1,"createSocketErrorCount":0,"closeSocketCount":1,"errorSocketCount":0,"timeoutSocketCount":0,"requestCount":0,"freeSockets":{},"sockets":{},"requests":{}}, socketHandledRequests: 1, socketHandledResponses: 0)
headers: {}
headers: {}
    at Timeout._onTimeout (/Users/jack/Desktop/zwwl/Nodemeet/node_modules/_urllib@2.35.0@urllib/lib/urllib.js:952:15)
    at listOnTimeout (internal/timers.js:549:17)
    at processTimers (internal/timers.js:492:7)
name: "ResponseTimeoutError"
requestId: 1
data: undefined
path: "/query.action?m=save&obj=a55&rtnURL=%2Fcontroller.action%3Fname%3DScheduledConference"
status: -1
headers: {}
res: {"status":-1,"statusCode":-1,"statusMessage":null,"headers":{},"size":0,"aborted":false,"rt":5029,"keepAliveSocket":false,"requestUrls":["http://bms.lanxum.com/query.action?m=save&obj=a55&rtnURL=%2Fcontroller.action%3Fname%3DScheduledConference"],"timing":null,"remoteAddress":"1.202.190.78","remotePort":80,"socketHandledRequests":1,"socketHandledResponses":0}
pid: 12041
hostname: bogon

2020-05-21 16:40:47,062 ERROR 12058 nodejs.ResponseTimeoutError: Response timeout for 5000ms, POST http://bms.lanxum.com/query.action?m=save&obj=a55&rtnURL=%2Fcontroller.action%3Fname%3DScheduledConference -1 (connected: true, keepalive socket: false, agent status: {"createSocketCount":1,"createSocketErrorCount":0,"closeSocketCount":1,"errorSocketCount":0,"timeoutSocketCount":0,"requestCount":0,"freeSockets":{},"sockets":{},"requests":{}}, socketHandledRequests: 1, socketHandledResponses: 0)
headers: {}
headers: {}
    at Timeout._onTimeout (/Users/jack/Desktop/zwwl/Nodemeet/node_modules/_urllib@2.35.0@urllib/lib/urllib.js:952:15)
    at listOnTimeout (internal/timers.js:549:17)
    at processTimers (internal/timers.js:492:7)
name: "ResponseTimeoutError"
requestId: 1
data: undefined
path: "/query.action?m=save&obj=a55&rtnURL=%2Fcontroller.action%3Fname%3DScheduledConference"
status: -1
headers: {}
res: {"status":-1,"statusCode":-1,"statusMessage":null,"headers":{},"size":0,"aborted":false,"rt":5033,"keepAliveSocket":false,"requestUrls":["http://bms.lanxum.com/query.action?m=save&obj=a55&rtnURL=%2Fcontroller.action%3Fname%3DScheduledConference"],"timing":null,"remoteAddress":"1.202.190.78","remotePort":80,"socketHandledRequests":1,"socketHandledResponses":0}
pid: 12058
hostname: bogon

