2020-05-25 16:57:42,029 INFO 33580 [egg:logger] init all loggers with options: {"dir":"/Users/jack/Desktop/zwwl/Nodemeet/logs/meet","encoding":"utf8","env":"local","level":"INFO","consoleLevel":"INFO","disableConsoleAfterReady":false,"outputJSON":false,"buffer":true,"appLogName":"meet-web.log","coreLogName":"egg-web.log","agentLogName":"egg-agent.log","errorLogName":"common-error.log","coreLogger":{"consoleLevel":"WARN"},"allowDebugAtProd":false,"type":"application"}
2020-05-25 16:57:42,050 INFO 33580 [egg-multipart] stream mode enable
2020-05-25 16:57:42,320 INFO 33580 [egg-static] starting static serve /public/ -> /Users/jack/Desktop/zwwl/Nodemeet/app/public
2020-05-25 16:57:42,322 INFO 33580 [egg-security] use csrf middleware
2020-05-25 16:57:42,323 INFO 33580 [egg-security] use methodnoallow middleware
2020-05-25 16:57:42,323 INFO 33580 [egg-security] use noopen middleware
2020-05-25 16:57:42,324 INFO 33580 [egg-security] use nosniff middleware
2020-05-25 16:57:42,324 INFO 33580 [egg-security] use xssProtection middleware
2020-05-25 16:57:42,325 INFO 33580 [egg-security] use xframe middleware
2020-05-25 16:57:42,325 INFO 33580 [egg-security] use dta middleware
2020-05-25 16:57:42,325 INFO 33580 [egg-security] compose 7 middlewares into one security middleware
2020-05-25 16:57:42,334 INFO 33580 [egg:core] dump config after load, 5ms
2020-05-25 16:57:42,343 INFO 33580 [egg-watcher:application] watcher start success
2020-05-25 16:57:42,349 INFO 33580 [egg:core] dump config after ready, 5ms
2020-05-25 16:58:31,185 INFO 33601 [egg:logger] init all loggers with options: {"dir":"/Users/jack/Desktop/zwwl/Nodemeet/logs/meet","encoding":"utf8","env":"local","level":"INFO","consoleLevel":"INFO","disableConsoleAfterReady":false,"outputJSON":false,"buffer":true,"appLogName":"meet-web.log","coreLogName":"egg-web.log","agentLogName":"egg-agent.log","errorLogName":"common-error.log","coreLogger":{"consoleLevel":"WARN"},"allowDebugAtProd":false,"type":"application"}
2020-05-25 16:58:31,210 INFO 33601 [egg-multipart] stream mode enable
2020-05-25 16:58:31,421 INFO 33601 [egg-static] starting static serve /public/ -> /Users/jack/Desktop/zwwl/Nodemeet/app/public
2020-05-25 16:58:31,424 INFO 33601 [egg-security] use csrf middleware
2020-05-25 16:58:31,425 INFO 33601 [egg-security] use methodnoallow middleware
2020-05-25 16:58:31,425 INFO 33601 [egg-security] use noopen middleware
2020-05-25 16:58:31,426 INFO 33601 [egg-security] use nosniff middleware
2020-05-25 16:58:31,426 INFO 33601 [egg-security] use xssProtection middleware
2020-05-25 16:58:31,427 INFO 33601 [egg-security] use xframe middleware
2020-05-25 16:58:31,427 INFO 33601 [egg-security] use dta middleware
2020-05-25 16:58:31,427 INFO 33601 [egg-security] compose 7 middlewares into one security middleware
2020-05-25 16:58:31,438 INFO 33601 [egg:core] dump config after load, 6ms
2020-05-25 16:58:31,445 INFO 33601 [egg-watcher:application] watcher start success
2020-05-25 16:58:31,452 INFO 33601 [egg:core] dump config after ready, 5ms
2020-05-25 17:01:20,156 INFO 33643 [egg:logger] init all loggers with options: {"dir":"/Users/jack/Desktop/zwwl/Nodemeet/logs/meet","encoding":"utf8","env":"local","level":"INFO","consoleLevel":"INFO","disableConsoleAfterReady":false,"outputJSON":false,"buffer":true,"appLogName":"meet-web.log","coreLogName":"egg-web.log","agentLogName":"egg-agent.log","errorLogName":"common-error.log","coreLogger":{"consoleLevel":"WARN"},"allowDebugAtProd":false,"type":"application"}
2020-05-25 17:01:20,175 INFO 33643 [egg-multipart] stream mode enable
2020-05-25 17:01:20,273 INFO 33643 [egg-static] starting static serve /public/ -> /Users/jack/Desktop/zwwl/Nodemeet/app/public
2020-05-25 17:01:20,275 INFO 33643 [egg-security] use csrf middleware
2020-05-25 17:01:20,275 INFO 33643 [egg-security] use methodnoallow middleware
2020-05-25 17:01:20,276 INFO 33643 [egg-security] use noopen middleware
2020-05-25 17:01:20,276 INFO 33643 [egg-security] use nosniff middleware
2020-05-25 17:01:20,276 INFO 33643 [egg-security] use xssProtection middleware
2020-05-25 17:01:20,276 INFO 33643 [egg-security] use xframe middleware
2020-05-25 17:01:20,277 INFO 33643 [egg-security] use dta middleware
2020-05-25 17:01:20,277 INFO 33643 [egg-security] compose 7 middlewares into one security middleware
2020-05-25 17:01:20,283 INFO 33643 [egg:core] dump config after load, 4ms
2020-05-25 17:01:20,292 INFO 33643 [egg-watcher:application] watcher start success
2020-05-25 17:01:20,298 INFO 33643 [egg:core] dump config after ready, 4ms
